[2023-11-01T17:44:04.416735+01:00] log_accesso.ERROR: Errore non riuscito, utente: andrea@gmail.com [] []
[2023-11-01T17:44:04.418859+01:00] log_accesso.ERROR: Errore non riuscito, utente: andrea@gmail.com [] []
[2023-11-01T18:05:03.231084+01:00] log_accesso.ERROR: Errore! Accesso non riuscito, utente: andrea@gmail.com [] []
[2023-11-01T18:05:03.232328+01:00] log_accesso.ERROR: Errore! Accesso non riuscito, utente: andrea@gmail.com [] []
[2023-11-01T18:05:28.820323+01:00] log_accesso.ERROR: Errore! Accesso non riuscito, utente: andrea@gmail.com [] []
[2023-11-01T18:05:28.821761+01:00] log_accesso.ERROR: Errore! Accesso non riuscito, utente: andrea@gmail.com [] []
[2023-11-01T18:17:51.159232+01:00] log_accesso.ERROR: Errore! Accesso non riuscito, utente: andrea@gmail.com [] []
[2023-11-01T18:17:51.160514+01:00] log_accesso.ERROR: Errore! Accesso non riuscito, utente: andrea@gmail.com [] []
[2023-11-01T18:18:01.286874+01:00] log_accesso.ERROR: Errore! Accesso non riuscito, utente: andrea@gmail.com [] []
[2023-11-01T18:18:01.288219+01:00] log_accesso.ERROR: Errore! Accesso non riuscito, utente: andrea@gmail.com [] []
[2023-11-01T18:19:25.506914+01:00] log_accesso.ERROR: Errore! Accesso non riuscito, utente: andrea@gmail.com [] []
[2023-11-01T18:19:25.508131+01:00] log_accesso.ERROR: Errore! Accesso non riuscito, utente: andrea@gmail.com [] []
[2023-11-01T18:33:00.903246+01:00] log_accesso.ERROR: Errore! Accesso non riuscito, utente: andrea@gmail.com [] []
[2023-11-01T19:02:22.710751+01:00] log_accesso.INFO: Accesso eseguito da: luca@gmail.com [] []
[2023-11-01T18:55:18.159264+00:00] log_accesso.ERROR: Errore! Accesso non riuscito, utente:  [] []
[2023-11-01T19:06:10.086090+00:00] log_accesso.INFO: Accesso eseguito da:  [] []
[2023-11-01T19:06:41.477645+00:00] log_accesso.INFO: Accesso eseguito da:  [] []
[2023-11-01T20:08:25.019244+01:00] log_accesso.INFO: Accesso eseguito da:  [] []
[2023-11-01T20:08:25.041918+01:00] log_accesso.INFO: Accesso eseguito da:  [] []
[2023-11-01T20:08:25.057726+01:00] log_accesso.INFO: Accesso eseguito da:  [] []
[2023-11-01T20:08:25.074560+01:00] log_accesso.INFO: Accesso eseguito da:  [] []
[2023-11-01T20:08:25.091637+01:00] log_accesso.INFO: Accesso eseguito da:  [] []
[2023-11-01T20:08:25.107742+01:00] log_accesso.INFO: Accesso eseguito da:  [] []
[2023-11-01T20:08:25.123702+01:00] log_accesso.INFO: Accesso eseguito da:  [] []
[2023-11-01T20:08:25.141744+01:00] log_accesso.INFO: Accesso eseguito da:  [] []
[2023-11-01T20:08:25.163202+01:00] log_accesso.INFO: Accesso eseguito da:  [] []
[2023-11-01T20:08:25.179936+01:00] log_accesso.INFO: Accesso eseguito da:  [] []
[2023-11-01T20:08:26.248818+01:00] log_accesso.INFO: Accesso eseguito da:  [] []
[2023-11-01T20:08:26.265056+01:00] log_accesso.INFO: Accesso eseguito da:  [] []
[2023-11-01T20:08:26.279532+01:00] log_accesso.INFO: Accesso eseguito da:  [] []
[2023-11-01T20:08:26.294163+01:00] log_accesso.INFO: Accesso eseguito da:  [] []
[2023-11-01T20:08:26.308679+01:00] log_accesso.INFO: Accesso eseguito da:  [] []
[2023-11-01T20:08:26.324096+01:00] log_accesso.INFO: Accesso eseguito da:  [] []
[2023-11-01T20:08:26.339114+01:00] log_accesso.INFO: Accesso eseguito da:  [] []
[2023-11-01T20:08:26.354103+01:00] log_accesso.INFO: Accesso eseguito da:  [] []
[2023-11-01T20:08:26.368684+01:00] log_accesso.INFO: Accesso eseguito da:  [] []
[2023-11-01T20:08:26.382591+01:00] log_accesso.INFO: Accesso eseguito da:  [] []
[2023-11-01T20:08:35.927116+01:00] log_accesso.INFO: Accesso eseguito da:  [] []
[2023-11-01T20:08:35.945422+01:00] log_accesso.INFO: Accesso eseguito da:  [] []
[2023-11-01T20:08:35.964587+01:00] log_accesso.INFO: Accesso eseguito da:  [] []
[2023-11-01T20:08:35.984210+01:00] log_accesso.INFO: Accesso eseguito da:  [] []
[2023-11-01T20:08:36.000852+01:00] log_accesso.INFO: Accesso eseguito da:  [] []
[2023-11-01T20:08:36.018552+01:00] log_accesso.INFO: Accesso eseguito da:  [] []
[2023-11-01T20:08:36.038446+01:00] log_accesso.INFO: Accesso eseguito da:  [] []
[2023-11-01T20:08:36.058234+01:00] log_accesso.INFO: Accesso eseguito da:  [] []
[2023-11-01T20:08:36.097054+01:00] log_accesso.INFO: Accesso eseguito da:  [] []
[2023-11-01T20:08:36.117317+01:00] log_accesso.INFO: Accesso eseguito da:  [] []
[2023-11-01T20:08:37.213519+01:00] log_accesso.INFO: Accesso eseguito da:  [] []
[2023-11-01T20:08:37.229211+01:00] log_accesso.INFO: Accesso eseguito da:  [] []
[2023-11-01T20:08:37.242887+01:00] log_accesso.INFO: Accesso eseguito da:  [] []
[2023-11-01T20:08:37.257869+01:00] log_accesso.INFO: Accesso eseguito da:  [] []
[2023-11-01T20:08:37.272969+01:00] log_accesso.INFO: Accesso eseguito da:  [] []
[2023-11-01T20:08:37.289015+01:00] log_accesso.INFO: Accesso eseguito da:  [] []
[2023-11-01T20:08:37.308417+01:00] log_accesso.INFO: Accesso eseguito da:  [] []
[2023-11-01T20:08:37.337309+01:00] log_accesso.INFO: Accesso eseguito da:  [] []
[2023-11-01T20:08:37.352365+01:00] log_accesso.INFO: Accesso eseguito da:  [] []
[2023-11-01T20:08:37.367553+01:00] log_accesso.INFO: Accesso eseguito da:  [] []
[2023-11-01T19:09:14.223737+00:00] log_accesso.INFO: Accesso eseguito da:  [] []
[2023-11-01T19:09:25.296932+00:00] log_accesso.INFO: Accesso eseguito da:  [] []
[2023-11-01T19:10:02.554161+00:00] log_accesso.INFO: Accesso eseguito da:  [] []
[2023-11-01T19:10:39.976313+00:00] log_accesso.INFO: Accesso eseguito da:  [] []
[2023-11-01T19:11:18.728759+00:00] log_accesso.INFO: Accesso eseguito da:  [] []
[2023-11-01T19:18:30.841127+00:00] log_accesso.INFO: Accesso eseguito da:  [] []
[2023-11-01T19:28:11.787657+00:00] log_accesso.INFO: Accesso eseguito da:  [] []
[2023-11-01T19:30:27.867117+00:00] log_accesso.INFO: Accesso eseguito da:  [] []
[2023-11-01T19:36:52.253742+00:00] log_accesso.INFO: Accesso eseguito da:  [] []
[2023-11-01T19:43:00.054390+00:00] log_accesso.INFO: Accesso eseguito da:  [] []
[2023-11-01T19:43:57.320034+00:00] log_accesso.INFO: Accesso eseguito da:  [] []
[2023-11-01T20:51:13.502872+01:00] log_accesso.ERROR: Errore! Accesso non riuscito, utente:   [] []
[2023-11-01T20:51:55.986969+01:00] log_accesso.ERROR: Errore! Accesso non riuscito, utente: andrea@gmail.com [] []
[2023-11-01T20:52:00.723522+01:00] log_accesso.ERROR: Errore! Accesso non riuscito, utente: andrea@gmail.com [] []
[2023-11-01T20:52:28.622062+01:00] log_accesso.ERROR: Errore! Accesso non riuscito, utente: andrea@gmail.com [] []
[2023-11-01T21:09:14.097022+01:00] log_accesso.ERROR: Errore! Accesso non riuscito, utente: andrea@gmail.com [] []
[2023-11-01T21:09:22.327899+01:00] log_accesso.ERROR: Errore! Accesso non riuscito, utente: andrea@gmail.com [] []
[2023-11-01T21:09:31.304438+01:00] log_accesso.ERROR: Errore! Accesso non riuscito, utente: andrea@gmail.com [] []
[2023-11-01T21:10:03.560519+01:00] log_accesso.ERROR: Errore! Accesso non riuscito, utente: andrea@gmail.com [] []
[2023-11-01T21:10:07.784602+01:00] log_accesso.ERROR: Errore! Accesso non riuscito, utente: andrea@gmail.com [] []
[2023-11-01T21:14:33.962013+01:00] log_accesso.ERROR: Errore! Accesso non riuscito, utente: andrea@gmail.com [] []
[2023-11-01T21:14:41.251146+01:00] log_accesso.ERROR: Errore! Accesso non riuscito, utente: andrea@gmail.com [] []
[2023-11-01T21:14:51.867202+01:00] log_accesso.ERROR: Errore! Accesso non riuscito, utente: andrea@gmail.com [] []
[2023-11-01T21:15:03.160500+01:00] log_accesso.ERROR: Errore! Accesso non riuscito, utente: andrea@gmail.com [] []
[2023-11-01T21:15:12.859637+01:00] log_accesso.ERROR: Errore! Accesso non riuscito, utente: andrea@gmail.com [] []
[2023-11-01T21:15:39.045941+01:00] log_accesso.ERROR: Errore! Accesso non riuscito, utente: luca@gmail.com [] []
[2023-11-01T21:18:39.661748+01:00] log_accesso.INFO: Accesso eseguito da: luca@gmail.com [] []
[2023-11-01T21:19:03.778669+01:00] log_accesso.INFO: Accesso eseguito da: andrea@gmail.com [] []
[2023-11-01T21:19:22.480252+01:00] log_accesso.ERROR: Errore! Accesso non riuscito, utente: andrea@gmail.com [] []
[2023-11-01T21:21:37.272114+01:00] log_accesso.ERROR: Errore! Accesso non riuscito, utente: andrea@gmail.com [] []
[2023-11-01T21:21:43.431563+01:00] log_accesso.ERROR: Errore! Accesso non riuscito, utente: andrea@gmail.com [] []
[2023-11-01T21:21:55.436877+01:00] log_accesso.INFO: Accesso eseguito da:  [] []
[2023-11-01T21:21:55.450966+01:00] log_accesso.INFO: Accesso eseguito da:  [] []
[2023-11-01T21:21:55.464721+01:00] log_accesso.INFO: Accesso eseguito da:  [] []
[2023-11-01T21:21:55.489820+01:00] log_accesso.INFO: Accesso eseguito da:  [] []
[2023-11-01T21:21:55.504484+01:00] log_accesso.INFO: Accesso eseguito da:  [] []
[2023-11-01T21:21:55.517462+01:00] log_accesso.INFO: Accesso eseguito da:  [] []
[2023-11-01T21:21:55.530063+01:00] log_accesso.INFO: Accesso eseguito da:  [] []
[2023-11-01T21:21:55.542120+01:00] log_accesso.INFO: Accesso eseguito da:  [] []
[2023-11-01T21:21:55.556161+01:00] log_accesso.INFO: Accesso eseguito da:  [] []
[2023-11-01T21:21:55.569850+01:00] log_accesso.INFO: Accesso eseguito da:  [] []
[2023-11-01T21:21:56.630190+01:00] log_accesso.INFO: Accesso eseguito da:  [] []
[2023-11-01T21:21:56.644968+01:00] log_accesso.INFO: Accesso eseguito da:  [] []
[2023-11-01T21:21:56.658112+01:00] log_accesso.INFO: Accesso eseguito da:  [] []
[2023-11-01T21:21:56.673297+01:00] log_accesso.INFO: Accesso eseguito da:  [] []
[2023-11-01T21:21:56.686346+01:00] log_accesso.INFO: Accesso eseguito da:  [] []
[2023-11-01T21:21:56.699263+01:00] log_accesso.INFO: Accesso eseguito da:  [] []
[2023-11-01T21:21:56.712824+01:00] log_accesso.INFO: Accesso eseguito da:  [] []
[2023-11-01T21:21:56.725348+01:00] log_accesso.INFO: Accesso eseguito da:  [] []
[2023-11-01T21:21:56.740270+01:00] log_accesso.INFO: Accesso eseguito da:  [] []
[2023-11-01T21:21:56.754246+01:00] log_accesso.INFO: Accesso eseguito da:  [] []
[2023-11-01T21:22:01.796264+01:00] log_accesso.INFO: Accesso eseguito da:  [] []
[2023-11-01T21:22:01.810525+01:00] log_accesso.INFO: Accesso eseguito da:  [] []
[2023-11-01T21:22:01.824296+01:00] log_accesso.INFO: Accesso eseguito da:  [] []
[2023-11-01T21:22:01.837397+01:00] log_accesso.INFO: Accesso eseguito da:  [] []
[2023-11-01T21:22:01.850925+01:00] log_accesso.INFO: Accesso eseguito da:  [] []
[2023-11-01T21:22:01.864327+01:00] log_accesso.INFO: Accesso eseguito da:  [] []
[2023-11-01T21:22:01.878450+01:00] log_accesso.INFO: Accesso eseguito da:  [] []
[2023-11-01T21:22:01.891445+01:00] log_accesso.INFO: Accesso eseguito da:  [] []
[2023-11-01T21:22:01.906333+01:00] log_accesso.INFO: Accesso eseguito da:  [] []
[2023-11-01T21:22:01.920494+01:00] log_accesso.INFO: Accesso eseguito da:  [] []
[2023-11-01T21:26:33.755477+01:00] log_accesso.ERROR: Errore! Accesso non riuscito, utente: andrea@gmail.com [] []
[2023-11-01T21:42:30.871581+01:00] log_accesso.ERROR: Errore! Accesso non riuscito, utente: andrea@gmail.com [] []
[2023-11-01T21:42:42.327623+01:00] log_accesso.INFO: Accesso eseguito da: andrea@gmail.com [] []
[2023-11-01T21:44:35.411289+01:00] log_accesso.INFO: Accesso eseguito da:  - andrea@gmail.com [] []
[2023-11-01T21:45:13.392871+01:00] log_accesso.INFO: Accesso eseguito da: andrea - andrea@gmail.com [] []
[2023-11-01T21:55:34.630362+01:00] log_accesso.ERROR: Errore! Accesso non riuscito, utente: andrea@gmail.com [] []
[2023-11-01T21:55:43.511496+01:00] log_accesso.INFO: Accesso eseguito da: luca - email: luca@gmail.com [] []
[2023-11-01T22:24:10.603251+01:00] log_accesso.INFO: Accesso eseguito da: luca - email: luca@gmail.com [] []
[2023-11-02T11:02:15.338222+01:00] log_accesso.ERROR: Errore! Accesso non riuscito, utente: andrea@gmail.com [] []
[2023-11-02T11:02:33.102172+01:00] log_accesso.ERROR: Errore! Accesso non riuscito, utente: andrea@gmail.com [] []
[2023-11-02T11:02:38.985798+01:00] log_accesso.INFO: Accesso eseguito da: andrea - email: andrea@gmail.com [] []
[2023-11-02T14:00:08.091558+01:00] log_accesso.INFO: Accesso eseguito da: andrea - email: andrea@gmail.com [] []
